<?xml version="1.0" encoding="UTF-8"?>
<!--Données de la Freebox Révolution - Boitier Server-->
<freeboxOS>
  <update>2014-07-03 15:05</update>
  <System>
    <GetSystemStatus>
      <mac>F4:CA:E5:42:1A:C3</mac>
      <box_authenticated>1</box_authenticated>
      <board_name>fbxgw1r</board_name>
      <fan_rpm>2102</fan_rpm>
      <temp_sw>52</temp_sw>
      <uptime>65 jours 7 heures 4 minutes 37 secondes</uptime>
      <uptime_val>5641477</uptime_val>
      <temp_cpub>73</temp_cpub>
      <temp_cpum>63</temp_cpum>
      <serial>639601E112526472</serial>
      <firmware_version>2.1.0</firmware_version>
    </GetSystemStatus>
  </System>
</freeboxOS>

